<?xml version="1.0" encoding="UTF-8"?>
<!-- Generated by org.testng.reporters.JUnitXMLReporter -->
<testsuite ignored="0" hostname="DESKTOP-BAAPTUD" failures="1" tests="1" name="Default test" time="28.824" errors="0" timestamp="2023-12-11T14:57:21 IST">
  <testcase classname="io.cucumber.testng.AbstractTestNGCucumberTests" name="runScenario" time="25.413">
    <failure type="java.lang.AssertionError" message="expected [Used Audi Under 50,000 for Sale SA - Second Hand Audi Under 50,000 in SA | CarsGuide] but found [Used Cars Under 50,000 for Sale SA - Second Hand Cars Under 50,000 in SA | CarsGuide]">
      <![CDATA[java.lang.AssertionError: expected [Used Audi Under 50,000 for Sale SA - Second Hand Audi Under 50,000 in SA | CarsGuide] but found [Used Cars Under 50,000 for Sale SA - Second Hand Cars Under 50,000 in SA | CarsGuide]
at org.testng.Assert.fail(Assert.java:111)
at org.testng.Assert.failNotEquals(Assert.java:1578)
at org.testng.Assert.assertEqualsImpl(Assert.java:150)
at org.testng.Assert.assertEquals(Assert.java:132)
at org.testng.Assert.assertEquals(Assert.java:656)
at org.testng.Assert.assertEquals(Assert.java:666)
at steps.UsedCarSteps.the_page_title_should_be_on_used_search_car_page(UsedCarSteps.java:63)
at âœ½.the page title should be "Used Audi Under 50,000 for Sale SA - Second Hand Audi Under 50,000 in SA | CarsGuide" on Used Search car Page(file:///C:/Users/DELL/eclipse-workspace/JPLoftWebFramework/src/test/resources/features/UsedCarSearch.feature:25)
]]>
    </failure>
  </testcase> <!-- runScenario -->
</testsuite> <!-- Default test -->
